<?xml version="1.0" encoding="UTF-8"?>
<coverage generated="1764961770857" clover="3.2.0">
  <project timestamp="1764961770857" name="All files">
    <metrics statements="587" coveredstatements="440" conditionals="4214" coveredconditionals="545" methods="1561" coveredmethods="297" elements="6362" coveredelements="1282" complexity="0" loc="587" ncloc="587" packages="8" files="20" classes="20"/>
    <package name="common">
      <metrics statements="9" coveredstatements="4" conditionals="2" coveredconditionals="1" methods="2" coveredmethods="0"/>
      <file name="jwt.ts" path="C:\MedAlert\MedAlert-Backend\medallert-backend\src\common\jwt.ts">
        <metrics statements="9" coveredstatements="4" conditionals="2" coveredconditionals="1" methods="2" coveredmethods="0"/>
        <line num="5" count="1" type="stmt"/>
        <line num="7" count="1" type="cond" truecount="1" falsecount="1"/>
        <line num="8" count="0" type="stmt"/>
        <line num="19" count="1" type="stmt"/>
        <line num="22" count="0" type="stmt"/>
        <line num="23" count="0" type="stmt"/>
        <line num="28" count="0" type="stmt"/>
        <line num="31" count="0" type="stmt"/>
        <line num="35" count="1" type="stmt"/>
      </file>
    </package>
    <package name="infra.prisma">
      <metrics statements="1" coveredstatements="1" conditionals="0" coveredconditionals="0" methods="0" coveredmethods="0"/>
      <file name="client.ts" path="C:\MedAlert\MedAlert-Backend\medallert-backend\src\infra\prisma\client.ts">
        <metrics statements="1" coveredstatements="1" conditionals="0" coveredconditionals="0" methods="0" coveredmethods="0"/>
        <line num="3" count="6" type="stmt"/>
      </file>
    </package>
    <package name="infra.prisma.generated.prisma">
      <metrics statements="67" coveredstatements="62" conditionals="8" coveredconditionals="4" methods="1" coveredmethods="0"/>
      <file name="index.js" path="C:\MedAlert\MedAlert-Backend\medallert-backend\src\infra\prisma\generated\prisma\index.js">
        <metrics statements="67" coveredstatements="62" conditionals="8" coveredconditionals="4" methods="1" coveredmethods="0"/>
        <line num="6" count="6" type="stmt"/>
        <line num="30" count="6" type="stmt"/>
        <line num="33" count="6" type="stmt"/>
        <line num="35" count="6" type="stmt"/>
        <line num="36" count="6" type="stmt"/>
        <line num="42" count="6" type="stmt"/>
        <line num="47" count="6" type="stmt"/>
        <line num="48" count="6" type="stmt"/>
        <line num="49" count="6" type="stmt"/>
        <line num="50" count="6" type="stmt"/>
        <line num="51" count="6" type="stmt"/>
        <line num="52" count="6" type="stmt"/>
        <line num="57" count="6" type="stmt"/>
        <line num="58" count="6" type="stmt"/>
        <line num="59" count="6" type="stmt"/>
        <line num="60" count="6" type="stmt"/>
        <line num="61" count="6" type="stmt"/>
        <line num="66" count="6" type="stmt"/>
        <line num="67" count="6" type="stmt"/>
        <line num="72" count="6" type="stmt"/>
        <line num="73" count="6" type="stmt"/>
        <line num="74" count="6" type="stmt"/>
        <line num="76" count="6" type="stmt"/>
        <line num="85" count="6" type="stmt"/>
        <line num="90" count="6" type="stmt"/>
        <line num="97" count="6" type="stmt"/>
        <line num="111" count="6" type="stmt"/>
        <line num="118" count="6" type="stmt"/>
        <line num="129" count="6" type="stmt"/>
        <line num="140" count="6" type="stmt"/>
        <line num="155" count="6" type="stmt"/>
        <line num="165" count="6" type="stmt"/>
        <line num="175" count="6" type="stmt"/>
        <line num="183" count="6" type="stmt"/>
        <line num="196" count="6" type="stmt"/>
        <line num="203" count="6" type="stmt"/>
        <line num="209" count="6" type="stmt"/>
        <line num="214" count="6" type="stmt"/>
        <line num="219" count="6" type="stmt"/>
        <line num="223" count="6" type="stmt"/>
        <line num="235" count="6" type="stmt"/>
        <line num="241" count="6" type="stmt"/>
        <line num="251" count="6" type="stmt"/>
        <line num="267" count="6" type="stmt"/>
        <line num="321" count="6" type="stmt"/>
        <line num="323" count="6" type="stmt"/>
        <line num="324" count="6" type="cond" truecount="1" falsecount="1"/>
        <line num="325" count="0" type="stmt"/>
        <line num="330" count="0" type="cond" truecount="0" falsecount="2"/>
        <line num="331" count="0" type="stmt"/>
        <line num="334" count="0" type="stmt"/>
        <line num="335" count="0" type="stmt"/>
        <line num="338" count="6" type="stmt"/>
        <line num="339" count="6" type="stmt"/>
        <line num="340" count="6" type="stmt"/>
        <line num="341" count="6" type="stmt"/>
        <line num="344" count="6" type="stmt"/>
        <line num="346" count="6" type="stmt"/>
        <line num="351" count="6" type="stmt"/>
        <line num="352" count="6" type="stmt"/>
        <line num="353" count="6" type="stmt"/>
        <line num="356" count="6" type="stmt"/>
        <line num="357" count="6" type="stmt"/>
        <line num="360" count="6" type="stmt"/>
        <line num="361" count="6" type="stmt"/>
        <line num="363" count="6" type="stmt"/>
        <line num="364" count="6" type="stmt"/>
      </file>
    </package>
    <package name="infra.prisma.generated.prisma.runtime">
      <metrics statements="50" coveredstatements="29" conditionals="4000" coveredconditionals="406" methods="1376" coveredmethods="172"/>
      <file name="library.js" path="C:\MedAlert\MedAlert-Backend\medallert-backend\src\infra\prisma\generated\prisma\runtime\library.js">
        <metrics statements="50" coveredstatements="29" conditionals="4000" coveredconditionals="406" methods="1376" coveredmethods="172"/>
        <line num="5" count="5868" type="cond" truecount="71" falsecount="99"/>
        <line num="6" count="108" type="cond" truecount="2" falsecount="2"/>
        <line num="7" count="216" type="cond" truecount="58" falsecount="132"/>
        <line num="8" count="48" type="cond" truecount="8" falsecount="182"/>
        <line num="9" count="18" type="cond" truecount="5" falsecount="34"/>
        <line num="10" count="6" type="cond" truecount="40" falsecount="146"/>
        <line num="13" count="6" type="cond" truecount="1" falsecount="10"/>
        <line num="15" count="0" type="cond" truecount="0" falsecount="6"/>
        <line num="16" count="138" type="cond" truecount="17" falsecount="21"/>
        <line num="17" count="6" type="cond" truecount="2" falsecount="12"/>
        <line num="19" count="0" type="stmt"/>
        <line num="23" count="0" type="cond" truecount="0" falsecount="4"/>
        <line num="25" count="1752" type="cond" truecount="91" falsecount="1243"/>
        <line num="26" count="0" type="stmt"/>
        <line num="27" count="0" type="stmt"/>
        <line num="28" count="0" type="stmt"/>
        <line num="29" count="6" type="cond" truecount="0" falsecount="40"/>
        <line num="30" count="6" type="cond" truecount="0" falsecount="39"/>
        <line num="31" count="6" type="cond" truecount="0" falsecount="75"/>
        <line num="32" count="18" type="cond" truecount="1" falsecount="137"/>
        <line num="33" count="264" type="cond" truecount="3" falsecount="299"/>
        <line num="34" count="6" type="stmt"/>
        <line num="35" count="6" type="cond" truecount="3" falsecount="269"/>
        <line num="37" count="6" type="cond" truecount="3" falsecount="3"/>
        <line num="39" count="0" type="stmt"/>
        <line num="40" count="0" type="stmt"/>
        <line num="41" count="0" type="stmt"/>
        <line num="46" count="0" type="stmt"/>
        <line num="47" count="0" type="cond" truecount="0" falsecount="2"/>
        <line num="49" count="0" type="stmt"/>
        <line num="56" count="0" type="stmt"/>
        <line num="61" count="0" type="stmt"/>
        <line num="68" count="6" type="cond" truecount="10" falsecount="21"/>
        <line num="69" count="0" type="stmt"/>
        <line num="70" count="6" type="cond" truecount="0" falsecount="7"/>
        <line num="73" count="0" type="stmt"/>
        <line num="105" count="0" type="stmt"/>
        <line num="114" count="6" type="cond" truecount="9" falsecount="150"/>
        <line num="115" count="36" type="cond" truecount="16" falsecount="147"/>
        <line num="116" count="6" type="cond" truecount="11" falsecount="45"/>
        <line num="117" count="6" type="cond" truecount="0" falsecount="29"/>
        <line num="118" count="6" type="cond" truecount="15" falsecount="64"/>
        <line num="125" count="24" type="cond" truecount="3" falsecount="144"/>
        <line num="126" count="6" type="cond" truecount="0" falsecount="14"/>
        <line num="127" count="0" type="cond" truecount="0" falsecount="6"/>
        <line num="128" count="0" type="cond" truecount="0" falsecount="2"/>
        <line num="129" count="0" type="cond" truecount="0" falsecount="14"/>
        <line num="130" count="0" type="cond" truecount="0" falsecount="78"/>
        <line num="134" count="6" type="cond" truecount="36" falsecount="103"/>
        <line num="135" count="6" type="cond" truecount="1" falsecount="11"/>
      </file>
    </package>
    <package name="repositories">
      <metrics statements="90" coveredstatements="59" conditionals="22" coveredconditionals="8" methods="45" coveredmethods="27"/>
      <file name="medications.ts" path="C:\MedAlert\MedAlert-Backend\medallert-backend\src\repositories\medications.ts">
        <metrics statements="10" coveredstatements="9" conditionals="0" coveredconditionals="0" methods="8" coveredmethods="7"/>
        <line num="38" count="6" type="stmt"/>
        <line num="41" count="0" type="stmt"/>
        <line num="47" count="2" type="stmt"/>
        <line num="53" count="1" type="stmt"/>
        <line num="65" count="1" type="stmt"/>
        <line num="79" count="1" type="stmt"/>
        <line num="80" count="1" type="stmt"/>
        <line num="83" count="1" type="stmt"/>
        <line num="90" count="1" type="stmt"/>
        <line num="96" count="1" type="stmt"/>
      </file>
      <file name="treatmentMedication.ts" path="C:\MedAlert\MedAlert-Backend\medallert-backend\src\repositories\treatmentMedication.ts">
        <metrics statements="32" coveredstatements="3" conditionals="14" coveredconditionals="0" methods="16" coveredmethods="1"/>
        <line num="48" count="2" type="stmt"/>
        <line num="49" count="2" type="stmt"/>
        <line num="53" count="0" type="cond" truecount="0" falsecount="2"/>
        <line num="55" count="0" type="stmt"/>
        <line num="56" count="0" type="stmt"/>
        <line num="70" count="0" type="stmt"/>
        <line num="74" count="0" type="stmt"/>
        <line num="91" count="0" type="stmt"/>
        <line num="96" count="0" type="stmt"/>
        <line num="115" count="0" type="stmt"/>
        <line num="119" count="0" type="cond" truecount="0" falsecount="2"/>
        <line num="121" count="0" type="cond" truecount="0" falsecount="2"/>
        <line num="124" count="0" type="cond" truecount="0" falsecount="4"/>
        <line num="128" count="0" type="stmt"/>
        <line num="136" count="0" type="stmt"/>
        <line num="150" count="0" type="stmt"/>
        <line num="161" count="0" type="stmt"/>
        <line num="167" count="0" type="stmt"/>
        <line num="173" count="0" type="stmt"/>
        <line num="186" count="0" type="stmt"/>
        <line num="194" count="0" type="stmt"/>
        <line num="195" count="0" type="cond" truecount="0" falsecount="2"/>
        <line num="199" count="0" type="stmt"/>
        <line num="200" count="0" type="stmt"/>
        <line num="201" count="0" type="stmt"/>
        <line num="203" count="0" type="stmt"/>
        <line num="216" count="0" type="stmt"/>
        <line num="217" count="0" type="stmt"/>
        <line num="218" count="0" type="stmt"/>
        <line num="219" count="0" type="stmt"/>
        <line num="233" count="0" type="stmt"/>
        <line num="240" count="2" type="stmt"/>
      </file>
      <file name="users.ts" path="C:\MedAlert\MedAlert-Backend\medallert-backend\src\repositories\users.ts">
        <metrics statements="14" coveredstatements="13" conditionals="2" coveredconditionals="2" methods="11" coveredmethods="9"/>
        <line num="34" count="17" type="stmt"/>
        <line num="37" count="2" type="stmt"/>
        <line num="43" count="2" type="stmt"/>
        <line num="49" count="2" type="stmt"/>
        <line num="58" count="1" type="stmt"/>
        <line num="64" count="1" type="stmt"/>
        <line num="71" count="1" type="stmt"/>
        <line num="78" count="1" type="stmt"/>
        <line num="81" count="1" type="stmt"/>
        <line num="83" count="1" type="stmt"/>
        <line num="95" count="2" type="stmt"/>
        <line num="100" count="2" type="cond" truecount="2" falsecount="0"/>
        <line num="104" count="0" type="stmt"/>
        <line num="111" count="5" type="stmt"/>
      </file>
      <file name="visual_types.ts" path="C:\MedAlert\MedAlert-Backend\medallert-backend\src\repositories\visual_types.ts">
        <metrics statements="34" coveredstatements="34" conditionals="6" coveredconditionals="6" methods="10" coveredmethods="10"/>
        <line num="22" count="2" type="cond" truecount="2" falsecount="0"/>
        <line num="23" count="2" type="stmt"/>
        <line num="24" count="2" type="stmt"/>
        <line num="25" count="2" type="stmt"/>
        <line num="28" count="2" type="cond" truecount="2" falsecount="0"/>
        <line num="29" count="2" type="stmt"/>
        <line num="30" count="2" type="stmt"/>
        <line num="31" count="2" type="stmt"/>
        <line num="32" count="2" type="stmt"/>
        <line num="33" count="2" type="stmt"/>
        <line num="34" count="2" type="stmt"/>
        <line num="35" count="2" type="stmt"/>
        <line num="36" count="2" type="stmt"/>
        <line num="37" count="2" type="stmt"/>
        <line num="40" count="2" type="cond" truecount="2" falsecount="0"/>
        <line num="41" count="2" type="stmt"/>
        <line num="42" count="2" type="stmt"/>
        <line num="43" count="2" type="stmt"/>
        <line num="44" count="2" type="stmt"/>
        <line num="45" count="2" type="stmt"/>
        <line num="46" count="2" type="stmt"/>
        <line num="47" count="2" type="stmt"/>
        <line num="62" count="10" type="stmt"/>
        <line num="63" count="10" type="stmt"/>
        <line num="67" count="2" type="stmt"/>
        <line num="73" count="2" type="stmt"/>
        <line num="77" count="1" type="stmt"/>
        <line num="89" count="1" type="stmt"/>
        <line num="91" count="1" type="stmt"/>
        <line num="95" count="1" type="stmt"/>
        <line num="101" count="2" type="stmt"/>
        <line num="102" count="4" type="stmt"/>
        <line num="105" count="2" type="stmt"/>
        <line num="114" count="2" type="stmt"/>
      </file>
    </package>
    <package name="routes.middleware">
      <metrics statements="10" coveredstatements="10" conditionals="6" coveredconditionals="6" methods="2" coveredmethods="2"/>
      <file name="auth-middleware.ts" path="C:\MedAlert\MedAlert-Backend\medallert-backend\src\routes\middleware\auth-middleware.ts">
        <metrics statements="10" coveredstatements="10" conditionals="6" coveredconditionals="6" methods="2" coveredmethods="2"/>
        <line num="5" count="1" type="stmt"/>
        <line num="6" count="5" type="stmt"/>
        <line num="7" count="4" type="stmt"/>
        <line num="9" count="4" type="cond" truecount="2" falsecount="0"/>
        <line num="10" count="4" type="cond" truecount="4" falsecount="0"/>
        <line num="11" count="3" type="stmt"/>
        <line num="13" count="1" type="stmt"/>
        <line num="14" count="1" type="stmt"/>
        <line num="15" count="1" type="stmt"/>
        <line num="18" count="1" type="stmt"/>
      </file>
    </package>
    <package name="services">
      <metrics statements="94" coveredstatements="83" conditionals="70" coveredconditionals="58" methods="20" coveredmethods="18"/>
      <file name="medication-service.ts" path="C:\MedAlert\MedAlert-Backend\medallert-backend\src\services\medication-service.ts">
        <metrics statements="39" coveredstatements="29" conditionals="32" coveredconditionals="20" methods="7" coveredmethods="6"/>
        <line num="13" count="1" type="stmt"/>
        <line num="20" count="1" type="stmt"/>
        <line num="24" count="1" type="stmt"/>
        <line num="30" count="9" type="stmt"/>
        <line num="31" count="9" type="stmt"/>
        <line num="32" count="9" type="stmt"/>
        <line num="33" count="9" type="stmt"/>
        <line num="37" count="1" type="stmt"/>
        <line num="38" count="1" type="stmt"/>
        <line num="42" count="2" type="stmt"/>
        <line num="43" count="2" type="cond" truecount="2" falsecount="0"/>
        <line num="44" count="1" type="stmt"/>
        <line num="56" count="2" type="stmt"/>
        <line num="57" count="2" type="cond" truecount="2" falsecount="0"/>
        <line num="59" count="1" type="cond" truecount="1" falsecount="1"/>
        <line num="61" count="0" type="stmt"/>
        <line num="62" count="0" type="cond" truecount="0" falsecount="2"/>
        <line num="67" count="1" type="stmt"/>
        <line num="76" count="1" type="cond" truecount="3" falsecount="1"/>
        <line num="77" count="0" type="stmt"/>
        <line num="79" count="1" type="stmt"/>
        <line num="87" count="2" type="stmt"/>
        <line num="88" count="2" type="cond" truecount="2" falsecount="0"/>
        <line num="90" count="1" type="cond" truecount="1" falsecount="1"/>
        <line num="91" count="0" type="stmt"/>
        <line num="94" count="0" type="cond" truecount="0" falsecount="2"/>
        <line num="97" count="1" type="stmt"/>
        <line num="103" count="1" type="cond" truecount="3" falsecount="1"/>
        <line num="104" count="0" type="stmt"/>
        <line num="106" count="1" type="stmt"/>
        <line num="111" count="2" type="stmt"/>
        <line num="112" count="2" type="cond" truecount="2" falsecount="0"/>
        <line num="114" count="1" type="stmt"/>
        <line num="118" count="1" type="cond" truecount="3" falsecount="1"/>
        <line num="119" count="0" type="stmt"/>
        <line num="121" count="1" type="stmt"/>
        <line num="127" count="0" type="stmt"/>
        <line num="128" count="0" type="cond" truecount="0" falsecount="2"/>
        <line num="129" count="0" type="stmt"/>
      </file>
      <file name="register-service.ts" path="C:\MedAlert\MedAlert-Backend\medallert-backend\src\services\register-service.ts">
        <metrics statements="22" coveredstatements="22" conditionals="14" coveredconditionals="14" methods="3" coveredmethods="3"/>
        <line num="9" count="1" type="stmt"/>
        <line num="32" count="1" type="stmt"/>
        <line num="41" count="7" type="stmt"/>
        <line num="42" count="7" type="stmt"/>
        <line num="43" count="7" type="stmt"/>
        <line num="52" count="3" type="stmt"/>
        <line num="53" count="3" type="cond" truecount="2" falsecount="0"/>
        <line num="54" count="1" type="stmt"/>
        <line num="56" count="2" type="stmt"/>
        <line num="57" count="2" type="stmt"/>
        <line num="65" count="2" type="cond" truecount="4" falsecount="0"/>
        <line num="66" count="1" type="stmt"/>
        <line num="68" count="1" type="stmt"/>
        <line num="72" count="1" type="stmt"/>
        <line num="80" count="1" type="stmt"/>
        <line num="87" count="4" type="stmt"/>
        <line num="90" count="4" type="cond" truecount="4" falsecount="0"/>
        <line num="91" count="3" type="stmt"/>
        <line num="94" count="3" type="cond" truecount="2" falsecount="0"/>
        <line num="95" count="2" type="stmt"/>
        <line num="98" count="2" type="cond" truecount="2" falsecount="0"/>
        <line num="99" count="1" type="stmt"/>
      </file>
      <file name="user-service.ts" path="C:\MedAlert\MedAlert-Backend\medallert-backend\src\services\user-service.ts">
        <metrics statements="6" coveredstatements="5" conditionals="2" coveredconditionals="2" methods="4" coveredmethods="3"/>
        <line num="4" count="9" type="stmt"/>
        <line num="7" count="4" type="stmt"/>
        <line num="11" count="3" type="stmt"/>
        <line num="13" count="3" type="cond" truecount="2" falsecount="0"/>
        <line num="17" count="0" type="stmt"/>
        <line num="21" count="2" type="stmt"/>
      </file>
      <file name="visual_type-service.ts" path="C:\MedAlert\MedAlert-Backend\medallert-backend\src\services\visual_type-service.ts">
        <metrics statements="27" coveredstatements="27" conditionals="22" coveredconditionals="22" methods="6" coveredmethods="6"/>
        <line num="14" count="1" type="stmt"/>
        <line num="26" count="1" type="stmt"/>
        <line num="30" count="1" type="stmt"/>
        <line num="33" count="12" type="stmt"/>
        <line num="36" count="2" type="stmt"/>
        <line num="40" count="2" type="cond" truecount="4" falsecount="0"/>
        <line num="41" count="1" type="stmt"/>
        <line num="44" count="1" type="stmt"/>
        <line num="48" count="2" type="stmt"/>
        <line num="51" count="2" type="cond" truecount="4" falsecount="0"/>
        <line num="52" count="1" type="stmt"/>
        <line num="55" count="1" type="stmt"/>
        <line num="59" count="2" type="stmt"/>
        <line num="60" count="2" type="cond" truecount="2" falsecount="0"/>
        <line num="62" count="1" type="stmt"/>
        <line num="69" count="3" type="stmt"/>
        <line num="70" count="3" type="cond" truecount="2" falsecount="0"/>
        <line num="72" count="2" type="stmt"/>
        <line num="76" count="2" type="cond" truecount="4" falsecount="0"/>
        <line num="77" count="1" type="stmt"/>
        <line num="79" count="1" type="stmt"/>
        <line num="83" count="3" type="stmt"/>
        <line num="84" count="3" type="cond" truecount="2" falsecount="0"/>
        <line num="86" count="2" type="stmt"/>
        <line num="90" count="2" type="cond" truecount="4" falsecount="0"/>
        <line num="91" count="1" type="stmt"/>
        <line num="93" count="1" type="stmt"/>
      </file>
    </package>
    <package name="test._mocks">
      <metrics statements="266" coveredstatements="192" conditionals="106" coveredconditionals="62" methods="115" coveredmethods="78"/>
      <file name="mock-jwt-provider.ts" path="C:\MedAlert\MedAlert-Backend\medallert-backend\src\test\_mocks\mock-jwt-provider.ts">
        <metrics statements="8" coveredstatements="7" conditionals="2" coveredconditionals="2" methods="4" coveredmethods="3"/>
        <line num="4" count="4" type="stmt"/>
        <line num="5" count="4" type="stmt"/>
        <line num="8" count="0" type="stmt"/>
        <line num="11" count="4" type="stmt"/>
        <line num="12" count="4" type="cond" truecount="2" falsecount="0"/>
        <line num="13" count="1" type="stmt"/>
        <line num="15" count="3" type="stmt"/>
        <line num="19" count="1" type="stmt"/>
      </file>
      <file name="mock-medication-repository.ts" path="C:\MedAlert\MedAlert-Backend\medallert-backend\src\test\_mocks\mock-medication-repository.ts">
        <metrics statements="32" coveredstatements="28" conditionals="12" coveredconditionals="9" methods="12" coveredmethods="10"/>
        <line num="8" count="9" type="stmt"/>
        <line num="10" count="9" type="stmt"/>
        <line num="12" count="0" type="stmt"/>
        <line num="13" count="0" type="stmt"/>
        <line num="18" count="9" type="stmt"/>
        <line num="20" count="6" type="stmt"/>
        <line num="22" count="3" type="stmt"/>
        <line num="28" count="9" type="stmt"/>
        <line num="30" count="1" type="stmt"/>
        <line num="31" count="1" type="stmt"/>
        <line num="36" count="9" type="stmt"/>
        <line num="43" count="5" type="stmt"/>
        <line num="49" count="5" type="stmt"/>
        <line num="50" count="5" type="stmt"/>
        <line num="54" count="9" type="stmt"/>
        <line num="64" count="1" type="stmt"/>
        <line num="65" count="1" type="stmt"/>
        <line num="67" count="1" type="cond" truecount="1" falsecount="1"/>
        <line num="68" count="0" type="stmt"/>
        <line num="71" count="1" type="stmt"/>
        <line num="73" count="1" type="stmt"/>
        <line num="80" count="1" type="cond" truecount="1" falsecount="1"/>
        <line num="81" count="1" type="stmt"/>
        <line num="84" count="1" type="stmt"/>
        <line num="85" count="1" type="stmt"/>
        <line num="89" count="9" type="stmt"/>
        <line num="91" count="1" type="stmt"/>
        <line num="92" count="1" type="stmt"/>
        <line num="94" count="1" type="cond" truecount="1" falsecount="1"/>
        <line num="95" count="0" type="stmt"/>
        <line num="97" count="1" type="stmt"/>
        <line num="98" count="1" type="stmt"/>
      </file>
      <file name="mock-prisma.ts" path="C:\MedAlert\MedAlert-Backend\medallert-backend\src\test\_mocks\mock-prisma.ts">
        <metrics statements="108" coveredstatements="89" conditionals="54" coveredconditionals="35" methods="47" coveredmethods="40"/>
        <line num="8" count="25" type="stmt"/>
        <line num="9" count="25" type="stmt"/>
        <line num="12" count="25" type="stmt"/>
        <line num="16" count="1" type="stmt"/>
        <line num="22" count="1" type="stmt"/>
        <line num="23" count="1" type="stmt"/>
        <line num="29" count="2" type="stmt"/>
        <line num="31" count="2" type="cond" truecount="2" falsecount="0"/>
        <line num="36" count="2" type="cond" truecount="2" falsecount="0"/>
        <line num="43" count="9" type="stmt"/>
        <line num="45" count="6" type="cond" truecount="4" falsecount="0"/>
        <line num="49" count="9" type="cond" truecount="2" falsecount="0"/>
        <line num="50" count="3" type="stmt"/>
        <line num="53" count="6" type="stmt"/>
        <line num="55" count="6" type="cond" truecount="4" falsecount="0"/>
        <line num="56" count="2" type="stmt"/>
        <line num="57" count="1" type="stmt"/>
        <line num="59" count="2" type="cond" truecount="2" falsecount="0"/>
        <line num="61" count="6" type="cond" truecount="1" falsecount="1"/>
        <line num="65" count="2" type="stmt"/>
        <line num="67" count="2" type="cond" truecount="4" falsecount="0"/>
        <line num="70" count="2" type="cond" truecount="1" falsecount="1"/>
        <line num="71" count="2" type="stmt"/>
        <line num="72" count="2" type="stmt"/>
        <line num="74" count="0" type="stmt"/>
        <line num="78" count="1" type="stmt"/>
        <line num="79" count="1" type="stmt"/>
        <line num="81" count="1" type="cond" truecount="1" falsecount="1"/>
        <line num="82" count="1" type="stmt"/>
        <line num="83" count="1" type="stmt"/>
        <line num="85" count="0" type="stmt"/>
        <line num="89" count="0" type="stmt"/>
        <line num="93" count="0" type="stmt"/>
        <line num="98" count="25" type="stmt"/>
        <line num="102" count="2" type="stmt"/>
        <line num="103" count="1" type="cond" truecount="2" falsecount="0"/>
        <line num="107" count="2" type="stmt"/>
        <line num="110" count="1" type="stmt"/>
        <line num="116" count="1" type="stmt"/>
        <line num="117" count="1" type="stmt"/>
        <line num="120" count="2" type="stmt"/>
        <line num="121" count="2" type="stmt"/>
        <line num="122" count="2" type="stmt"/>
        <line num="124" count="2" type="cond" truecount="1" falsecount="1"/>
        <line num="125" count="2" type="stmt"/>
        <line num="126" count="2" type="stmt"/>
        <line num="127" count="2" type="cond" truecount="1" falsecount="1"/>
        <line num="129" count="2" type="stmt"/>
        <line num="131" count="0" type="stmt"/>
        <line num="134" count="1" type="stmt"/>
        <line num="135" count="1" type="stmt"/>
        <line num="137" count="1" type="cond" truecount="1" falsecount="1"/>
        <line num="138" count="1" type="stmt"/>
        <line num="139" count="1" type="stmt"/>
        <line num="141" count="1" type="stmt"/>
        <line num="143" count="0" type="stmt"/>
        <line num="146" count="0" type="stmt"/>
        <line num="147" count="0" type="stmt"/>
        <line num="152" count="25" type="stmt"/>
        <line num="155" count="2" type="stmt"/>
        <line num="156" count="1" type="cond" truecount="2" falsecount="0"/>
        <line num="161" count="2" type="stmt"/>
        <line num="163" count="2" type="cond" truecount="1" falsecount="1"/>
        <line num="164" count="0" type="cond" truecount="0" falsecount="2"/>
        <line num="165" count="0" type="stmt"/>
        <line num="166" count="0" type="cond" truecount="0" falsecount="6"/>
        <line num="167" count="0" type="stmt"/>
        <line num="171" count="2" type="cond" truecount="1" falsecount="1"/>
        <line num="172" count="2" type="stmt"/>
        <line num="174" count="2" type="stmt"/>
        <line num="178" count="6" type="stmt"/>
        <line num="184" count="6" type="stmt"/>
        <line num="185" count="6" type="stmt"/>
        <line num="189" count="1" type="stmt"/>
        <line num="190" count="1" type="stmt"/>
        <line num="192" count="1" type="cond" truecount="1" falsecount="1"/>
        <line num="193" count="1" type="stmt"/>
        <line num="194" count="1" type="stmt"/>
        <line num="196" count="0" type="stmt"/>
        <line num="200" count="1" type="stmt"/>
        <line num="201" count="1" type="stmt"/>
        <line num="203" count="1" type="cond" truecount="1" falsecount="1"/>
        <line num="204" count="1" type="stmt"/>
        <line num="205" count="1" type="stmt"/>
        <line num="207" count="0" type="stmt"/>
        <line num="211" count="1" type="stmt"/>
        <line num="212" count="1" type="stmt"/>
        <line num="213" count="1" type="stmt"/>
        <line num="217" count="0" type="stmt"/>
        <line num="223" count="25" type="stmt"/>
        <line num="224" count="25" type="stmt"/>
        <line num="225" count="25" type="stmt"/>
        <line num="226" count="25" type="stmt"/>
        <line num="229" count="1" type="stmt"/>
        <line num="231" count="25" type="stmt"/>
        <line num="232" count="1" type="stmt"/>
        <line num="234" count="25" type="stmt"/>
        <line num="235" count="1" type="stmt"/>
        <line num="237" count="25" type="stmt"/>
        <line num="238" count="1" type="stmt"/>
        <line num="240" count="25" type="stmt"/>
        <line num="241" count="1" type="stmt"/>
        <line num="243" count="25" type="stmt"/>
        <line num="244" count="1" type="stmt"/>
        <line num="247" count="0" type="stmt"/>
        <line num="248" count="0" type="stmt"/>
        <line num="249" count="0" type="stmt"/>
        <line num="250" count="0" type="stmt"/>
      </file>
      <file name="mock-sound-types-repository.ts" path="C:\MedAlert\MedAlert-Backend\medallert-backend\src\test\_mocks\mock-sound-types-repository.ts">
        <metrics statements="28" coveredstatements="6" conditionals="8" coveredconditionals="0" methods="9" coveredmethods="1"/>
        <line num="9" count="9" type="stmt"/>
        <line num="11" count="9" type="stmt"/>
        <line num="13" count="0" type="stmt"/>
        <line num="14" count="0" type="cond" truecount="0" falsecount="2"/>
        <line num="20" count="9" type="stmt"/>
        <line num="21" count="0" type="stmt"/>
        <line num="24" count="9" type="stmt"/>
        <line num="26" count="0" type="stmt"/>
        <line num="30" count="0" type="stmt"/>
        <line num="31" count="0" type="stmt"/>
        <line num="35" count="9" type="stmt"/>
        <line num="42" count="0" type="stmt"/>
        <line num="43" count="0" type="stmt"/>
        <line num="45" count="0" type="cond" truecount="0" falsecount="2"/>
        <line num="46" count="0" type="stmt"/>
        <line num="49" count="0" type="stmt"/>
        <line num="50" count="0" type="stmt"/>
        <line num="52" count="0" type="cond" truecount="0" falsecount="2"/>
        <line num="53" count="0" type="stmt"/>
        <line num="56" count="0" type="stmt"/>
        <line num="57" count="0" type="stmt"/>
        <line num="61" count="9" type="stmt"/>
        <line num="63" count="0" type="stmt"/>
        <line num="64" count="0" type="stmt"/>
        <line num="66" count="0" type="cond" truecount="0" falsecount="2"/>
        <line num="67" count="0" type="stmt"/>
        <line num="69" count="0" type="stmt"/>
        <line num="70" count="0" type="stmt"/>
      </file>
      <file name="mock-treatment-medication-repository.ts" path="C:\MedAlert\MedAlert-Backend\medallert-backend\src\test\_mocks\mock-treatment-medication-repository.ts">
        <metrics statements="12" coveredstatements="3" conditionals="0" coveredconditionals="0" methods="11" coveredmethods="2"/>
        <line num="10" count="17" type="stmt"/>
        <line num="13" count="0" type="stmt"/>
        <line num="16" count="0" type="stmt"/>
        <line num="19" count="0" type="stmt"/>
        <line num="27" count="1" type="stmt"/>
        <line num="31" count="1" type="stmt"/>
        <line num="34" count="0" type="stmt"/>
        <line num="40" count="0" type="stmt"/>
        <line num="45" count="0" type="stmt"/>
        <line num="52" count="0" type="stmt"/>
        <line num="55" count="0" type="stmt"/>
        <line num="59" count="0" type="stmt"/>
      </file>
      <file name="mock-users-repository.ts" path="C:\MedAlert\MedAlert-Backend\medallert-backend\src\test\_mocks\mock-users-repository.ts">
        <metrics statements="40" coveredstatements="30" conditionals="20" coveredconditionals="9" methods="19" coveredmethods="10"/>
        <line num="7" count="16" type="stmt"/>
        <line num="8" count="16" type="stmt"/>
        <line num="9" count="16" type="stmt"/>
        <line num="10" count="16" type="stmt"/>
        <line num="11" count="16" type="stmt"/>
        <line num="14" count="0" type="stmt"/>
        <line num="17" count="16" type="stmt"/>
        <line num="18" count="0" type="cond" truecount="0" falsecount="2"/>
        <line num="21" count="16" type="stmt"/>
        <line num="23" count="0" type="stmt"/>
        <line num="25" count="0" type="cond" truecount="0" falsecount="2"/>
        <line num="31" count="16" type="stmt"/>
        <line num="32" count="2" type="cond" truecount="2" falsecount="0"/>
        <line num="35" count="16" type="stmt"/>
        <line num="42" count="5" type="stmt"/>
        <line num="50" count="5" type="stmt"/>
        <line num="51" count="5" type="stmt"/>
        <line num="55" count="16" type="stmt"/>
        <line num="57" count="0" type="stmt"/>
        <line num="58" count="0" type="cond" truecount="0" falsecount="2"/>
        <line num="59" count="0" type="stmt"/>
        <line num="64" count="16" type="stmt"/>
        <line num="65" count="0" type="stmt"/>
        <line num="66" count="0" type="cond" truecount="0" falsecount="2"/>
        <line num="67" count="0" type="stmt"/>
        <line num="71" count="16" type="stmt"/>
        <line num="72" count="4" type="stmt"/>
        <line num="73" count="4" type="cond" truecount="2" falsecount="0"/>
        <line num="74" count="1" type="stmt"/>
        <line num="76" count="3" type="stmt"/>
        <line num="77" count="3" type="cond" truecount="2" falsecount="0"/>
        <line num="78" count="1" type="stmt"/>
        <line num="82" count="16" type="stmt"/>
        <line num="84" count="3" type="stmt"/>
        <line num="85" count="3" type="cond" truecount="2" falsecount="0"/>
        <line num="86" count="1" type="stmt"/>
        <line num="87" count="1" type="cond" truecount="1" falsecount="1"/>
        <line num="91" count="2" type="stmt"/>
        <line num="96" count="1" type="stmt"/>
        <line num="97" count="1" type="stmt"/>
      </file>
      <file name="mock-visual-types-repository.ts" path="C:\MedAlert\MedAlert-Backend\medallert-backend\src\test\_mocks\mock-visual-types-repository.ts">
        <metrics statements="38" coveredstatements="29" conditionals="10" coveredconditionals="7" methods="13" coveredmethods="12"/>
        <line num="9" count="12" type="stmt"/>
        <line num="10" count="12" type="stmt"/>
        <line num="11" count="12" type="stmt"/>
        <line num="13" count="12" type="stmt"/>
        <line num="14" count="12" type="stmt"/>
        <line num="15" count="12" type="stmt"/>
        <line num="16" count="12" type="stmt"/>
        <line num="19" count="1" type="stmt"/>
        <line num="23" count="2" type="stmt"/>
        <line num="24" count="2" type="cond" truecount="2" falsecount="0"/>
        <line num="25" count="1" type="stmt"/>
        <line num="27" count="1" type="stmt"/>
        <line num="33" count="1" type="stmt"/>
        <line num="34" count="1" type="stmt"/>
        <line num="38" count="1" type="stmt"/>
        <line num="39" count="1" type="stmt"/>
        <line num="43" count="8" type="stmt"/>
        <line num="44" count="8" type="cond" truecount="2" falsecount="0"/>
        <line num="51" count="1" type="stmt"/>
        <line num="52" count="1" type="stmt"/>
        <line num="53" count="1" type="cond" truecount="1" falsecount="1"/>
        <line num="54" count="1" type="stmt"/>
        <line num="55" count="1" type="cond" truecount="1" falsecount="1"/>
        <line num="56" count="1" type="stmt"/>
        <line num="58" count="0" type="stmt"/>
        <line num="62" count="1" type="stmt"/>
        <line num="63" count="1" type="stmt"/>
        <line num="64" count="1" type="cond" truecount="1" falsecount="1"/>
        <line num="65" count="1" type="stmt"/>
        <line num="66" count="1" type="stmt"/>
        <line num="68" count="0" type="stmt"/>
        <line num="72" count="0" type="stmt"/>
        <line num="73" count="0" type="stmt"/>
        <line num="74" count="0" type="stmt"/>
        <line num="75" count="0" type="stmt"/>
        <line num="76" count="0" type="stmt"/>
        <line num="77" count="0" type="stmt"/>
        <line num="78" count="0" type="stmt"/>
      </file>
    </package>
  </project>
</coverage>
